{
  "stats": {
    "suites": 1,
    "tests": 3,
    "passes": 3,
    "pending": 0,
    "failures": 0,
    "start": "2021-09-17T11:41:05.842Z",
    "end": "2021-09-17T11:43:18.273Z",
    "duration": 132431,
    "testsRegistered": 3,
    "passPercent": 100,
    "pendingPercent": 0,
    "other": 0,
    "hasOther": false,
    "skipped": 0,
    "hasSkipped": false
  },
  "results": [
    {
      "uuid": "d612a8bf-c2de-4425-818f-9773f1811b17",
      "title": "",
      "fullFile": "cypress/integration/Timesheet/02_Project_and_Task.js",
      "file": "cypress/integration/Timesheet/02_Project_and_Task.js",
      "beforeHooks": [],
      "afterHooks": [],
      "tests": [],
      "suites": [
        {
          "uuid": "91cf7919-501f-4723-b647-65a22e20992b",
          "title": "02_Project and Task",
          "fullFile": "",
          "file": "",
          "beforeHooks": [],
          "afterHooks": [],
          "tests": [
            {
              "title": "Login into Pocket HRMS",
              "fullTitle": "02_Project and Task Login into Pocket HRMS",
              "timedOut": null,
              "duration": 80389,
              "state": "passed",
              "speed": "slow",
              "pass": true,
              "fail": false,
              "pending": false,
              "context": null,
              "code": "itCallback(func)",
              "err": {},
              "uuid": "9227b41f-6446-48a4-b8af-c7b2f9ca453d",
              "parentUUID": "91cf7919-501f-4723-b647-65a22e20992b",
              "isHook": false,
              "skipped": false
            },
            {
              "title": "Add Project from Popup data",
              "fullTitle": "02_Project and Task Add Project from Popup data",
              "timedOut": null,
              "duration": 21189,
              "state": "passed",
              "speed": "slow",
              "pass": true,
              "fail": false,
              "pending": false,
              "context": null,
              "code": "itCallback(func)",
              "err": {},
              "uuid": "945ed39d-f57d-45a8-89b4-5677b87b3032",
              "parentUUID": "91cf7919-501f-4723-b647-65a22e20992b",
              "isHook": false,
              "skipped": false
            },
            {
              "title": "Add Task from Popup data",
              "fullTitle": "02_Project and Task Add Task from Popup data",
              "timedOut": null,
              "duration": 21155,
              "state": "passed",
              "speed": "slow",
              "pass": true,
              "fail": false,
              "pending": false,
              "context": null,
              "code": "itCallback(func)",
              "err": {},
              "uuid": "141ed3a8-2120-4728-8c4f-0ed236c23ee5",
              "parentUUID": "91cf7919-501f-4723-b647-65a22e20992b",
              "isHook": false,
              "skipped": false
            }
          ],
          "suites": [],
          "passes": [
            "9227b41f-6446-48a4-b8af-c7b2f9ca453d",
            "945ed39d-f57d-45a8-89b4-5677b87b3032",
            "141ed3a8-2120-4728-8c4f-0ed236c23ee5"
          ],
          "failures": [],
          "pending": [],
          "skipped": [],
          "duration": 122733,
          "root": false,
          "rootEmpty": false,
          "_timeout": 2000
        }
      ],
      "passes": [],
      "failures": [],
      "pending": [],
      "skipped": [],
      "duration": 0,
      "root": true,
      "rootEmpty": true,
      "_timeout": 2000
    }
  ],
  "meta": {
    "mocha": {
      "version": "7.0.1"
    },
    "mochawesome": {
      "options": {
        "quiet": false,
        "reportFilename": "report",
        "saveHtml": true,
        "saveJson": true,
        "consoleReporter": "spec",
        "useInlineDiffs": false,
        "code": true
      },
      "version": "6.2.2"
    },
    "marge": {
      "options": {
        "reportDir": "cypress/reports",
        "reportFilename": "report",
        "overwrite": false,
        "html": true,
        "json": true,
        "charts": true
      },
      "version": "5.2.0"
    }
  }
}