{
  "stats": {
    "suites": 1,
    "tests": 3,
    "passes": 1,
    "pending": 0,
    "failures": 2,
    "start": "2021-09-19T12:31:03.529Z",
    "end": "2021-09-19T12:31:55.460Z",
    "duration": 51931,
    "testsRegistered": 3,
    "passPercent": 33.33333333333333,
    "pendingPercent": 0,
    "other": 0,
    "hasOther": false,
    "skipped": 0,
    "hasSkipped": false
  },
  "results": [
    {
      "uuid": "21ccfaec-97cd-4323-9282-2108d3d0074b",
      "title": "",
      "fullFile": "cypress/integration/demo/02_Project_and_Task.js",
      "file": "cypress/integration/demo/02_Project_and_Task.js",
      "beforeHooks": [],
      "afterHooks": [],
      "tests": [],
      "suites": [
        {
          "uuid": "3da6fe8c-f4c4-41df-a4cf-840ffad69a75",
          "title": "02_Project and Task",
          "fullFile": "",
          "file": "",
          "beforeHooks": [],
          "afterHooks": [],
          "tests": [
            {
              "title": "Login into Pocket HRMS",
              "fullTitle": "02_Project and Task Login into Pocket HRMS",
              "timedOut": null,
              "duration": 12460,
              "state": "passed",
              "speed": "slow",
              "pass": true,
              "fail": false,
              "pending": false,
              "context": null,
              "code": "itCallback(func)",
              "err": {},
              "uuid": "ea70c32a-de3b-4413-ab1c-43a0d459b547",
              "parentUUID": "3da6fe8c-f4c4-41df-a4cf-840ffad69a75",
              "isHook": false,
              "skipped": false
            },
            {
              "title": "Add Project from Popup data",
              "fullTitle": "02_Project and Task Add Project from Popup data",
              "timedOut": null,
              "duration": 16589,
              "state": "failed",
              "speed": null,
              "pass": false,
              "fail": true,
              "pending": false,
              "context": null,
              "code": "itCallback(func)",
              "err": {
                "message": "AssertionError: expected 'Value Already Exists for the Selected Component.!' to equal 'Data Saved Successfully'",
                "estack": "AssertionError: expected 'Value Already Exists for the Selected Component.!' to equal 'Data Saved Successfully'\n    at Proxy../cypress/support/index.js.chai.Assertion.assert (https://pockethrmsnext.azurewebsites.net/__cypress/tests?p=cypress\\support\\index.js:345:16)\n    at Context.eval (https://pockethrmsnext.azurewebsites.net/__cypress/tests?p=cypress\\integration\\demo\\02_Project_and_Task.js:225:27)",
                "diff": "- 'Value Already Exists for the Selected Component.!'\n+ 'Data Saved Successfully'\n"
              },
              "uuid": "0e02fe09-e71e-47b1-bcf4-a612c42c7f78",
              "parentUUID": "3da6fe8c-f4c4-41df-a4cf-840ffad69a75",
              "isHook": false,
              "skipped": false
            },
            {
              "title": "Add Task from Popup data",
              "fullTitle": "02_Project and Task Add Task from Popup data",
              "timedOut": null,
              "duration": 15455,
              "state": "failed",
              "speed": null,
              "pass": false,
              "fail": true,
              "pending": false,
              "context": null,
              "code": "itCallback(func)",
              "err": {
                "message": "AssertionError: expected 'Value Already Exists for the Selected Component.!' to equal 'Data Saved Successfully'",
                "estack": "AssertionError: expected 'Value Already Exists for the Selected Component.!' to equal 'Data Saved Successfully'\n    at Proxy../cypress/support/index.js.chai.Assertion.assert (https://pockethrmsnext.azurewebsites.net/__cypress/tests?p=cypress\\support\\index.js:345:16)\n    at Context.eval (https://pockethrmsnext.azurewebsites.net/__cypress/tests?p=cypress\\integration\\demo\\02_Project_and_Task.js:286:27)",
                "diff": "- 'Value Already Exists for the Selected Component.!'\n+ 'Data Saved Successfully'\n"
              },
              "uuid": "06931c87-dbae-4752-a022-be1b825295a2",
              "parentUUID": "3da6fe8c-f4c4-41df-a4cf-840ffad69a75",
              "isHook": false,
              "skipped": false
            }
          ],
          "suites": [],
          "passes": [
            "ea70c32a-de3b-4413-ab1c-43a0d459b547"
          ],
          "failures": [
            "0e02fe09-e71e-47b1-bcf4-a612c42c7f78",
            "06931c87-dbae-4752-a022-be1b825295a2"
          ],
          "pending": [],
          "skipped": [],
          "duration": 44504,
          "root": false,
          "rootEmpty": false,
          "_timeout": 2000
        }
      ],
      "passes": [],
      "failures": [],
      "pending": [],
      "skipped": [],
      "duration": 0,
      "root": true,
      "rootEmpty": true,
      "_timeout": 2000
    }
  ],
  "meta": {
    "mocha": {
      "version": "7.0.1"
    },
    "mochawesome": {
      "options": {
        "quiet": false,
        "reportFilename": "report",
        "saveHtml": true,
        "saveJson": true,
        "consoleReporter": "spec",
        "useInlineDiffs": false,
        "code": true
      },
      "version": "6.2.2"
    },
    "marge": {
      "options": {
        "reportDir": "cypress/reports",
        "reportFilename": "report",
        "overwrite": false,
        "html": true,
        "json": true,
        "charts": true
      },
      "version": "5.2.0"
    }
  }
}